[18-Jun-2013 06:10:33 UTC] 0::session.inc:368: include_once(./faillog.php): failed to open stream: No such file or directory
[18-Jun-2013 06:10:33 UTC] 0::session.inc:368: include_once(): Failed opening './faillog.php' for inclusion (include_path='.:/opt/lampp/lib/php')
[18-Jun-2013 06:10:49 UTC] 0::session.inc:368: include_once(./faillog.php): failed to open stream: No such file or directory
[18-Jun-2013 06:10:49 UTC] 0::session.inc:368: include_once(): Failed opening './faillog.php' for inclusion (include_path='.:/opt/lampp/lib/php')
[18-Jun-2013 06:12:42 UTC] 0:admin:JsHttpRequest.php:470: mb_convert_encoding(): Illegal character encoding specified
[18-Jun-2013 06:12:42 UTC] 0:admin:JsHttpRequest.php:470: mb_convert_encoding(): Illegal character encoding specified
[18-Jun-2013 06:12:42 UTC] 0:admin:JsHttpRequest.php:470: mb_convert_encoding(): Illegal character encoding specified
[18-Jun-2013 06:12:42 UTC] 0:admin:JsHttpRequest.php:470: mb_convert_encoding(): Illegal character encoding specified
[18-Jun-2013 06:12:42 UTC] 0:admin:JsHttpRequest.php:470: mb_convert_encoding(): Illegal character encoding specified
[18-Jun-2013 06:12:42 UTC] 0:admin:JsHttpRequest.php:470: mb_convert_encoding(): Illegal character encoding specified
[18-Jun-2013 06:12:42 UTC] 0:admin:JsHttpRequest.php:470: mb_convert_encoding(): Illegal character encoding specified
[18-Jun-2013 06:12:42 UTC] 0:admin:JsHttpRequest.php:470: mb_convert_encoding(): Illegal character encoding specified
[18-Jun-2013 06:12:42 UTC] 0:admin:JsHttpRequest.php:470: mb_convert_encoding(): Illegal character encoding specified
[18-Jun-2013 06:12:42 UTC] 0:admin:JsHttpRequest.php:470: mb_convert_encoding(): Illegal character encoding specified
[18-Jun-2013 06:12:42 UTC] 0:admin:JsHttpRequest.php:470: mb_convert_encoding(): Illegal character encoding specified
[18-Jun-2013 06:12:50 UTC] 0:admin:JsHttpRequest.php:470: mb_convert_encoding(): Illegal character encoding specified
[18-Jun-2013 06:12:50 UTC] 0:admin:JsHttpRequest.php:470: mb_convert_encoding(): Illegal character encoding specified
[18-Jun-2013 06:12:50 UTC] 0:admin:JsHttpRequest.php:470: mb_convert_encoding(): Illegal character encoding specified
[18-Jun-2013 06:12:50 UTC] 0:admin:JsHttpRequest.php:470: mb_convert_encoding(): Illegal character encoding specified
[18-Jun-2013 06:12:50 UTC] 0:admin:JsHttpRequest.php:470: mb_convert_encoding(): Illegal character encoding specified
[18-Jun-2013 06:12:50 UTC] 0:admin:JsHttpRequest.php:470: mb_convert_encoding(): Illegal character encoding specified
[18-Jun-2013 06:12:50 UTC] 0:admin:JsHttpRequest.php:470: mb_convert_encoding(): Illegal character encoding specified
[18-Jun-2013 06:12:50 UTC] 0:admin:JsHttpRequest.php:470: mb_convert_encoding(): Illegal character encoding specified
[18-Jun-2013 06:12:50 UTC] 0:admin:JsHttpRequest.php:470: mb_convert_encoding(): Illegal character encoding specified
[18-Jun-2013 06:12:50 UTC] 0:admin:JsHttpRequest.php:470: mb_convert_encoding(): Illegal character encoding specified
[18-Jun-2013 06:12:50 UTC] 0:admin:JsHttpRequest.php:470: mb_convert_encoding(): Illegal character encoding specified
[18-Jun-2013 06:31:44 UTC] 0:admin:JsHttpRequest.php:470: mb_convert_encoding(): Illegal character encoding specified
[18-Jun-2013 06:31:44 UTC] 0:admin:JsHttpRequest.php:470: mb_convert_encoding(): Illegal character encoding specified
[18-Jun-2013 06:31:44 UTC] 0:admin:JsHttpRequest.php:470: mb_convert_encoding(): Illegal character encoding specified
[18-Jun-2013 06:31:44 UTC] 0:admin:JsHttpRequest.php:470: mb_convert_encoding(): Illegal character encoding specified
[18-Jun-2013 06:31:44 UTC] 0:admin:JsHttpRequest.php:470: mb_convert_encoding(): Illegal character encoding specified
[18-Jun-2013 06:31:44 UTC] 0:admin:JsHttpRequest.php:470: mb_convert_encoding(): Illegal character encoding specified
[18-Jun-2013 06:31:44 UTC] 0:admin:JsHttpRequest.php:470: mb_convert_encoding(): Illegal character encoding specified
[18-Jun-2013 06:31:44 UTC] 0:admin:JsHttpRequest.php:470: mb_convert_encoding(): Illegal character encoding specified
[18-Jun-2013 06:31:44 UTC] 0:admin:JsHttpRequest.php:470: mb_convert_encoding(): Illegal character encoding specified
[18-Jun-2013 06:31:44 UTC] 0:admin:JsHttpRequest.php:470: mb_convert_encoding(): Illegal character encoding specified
[18-Jun-2013 06:31:44 UTC] 0:admin:JsHttpRequest.php:470: mb_convert_encoding(): Illegal character encoding specified
[18-Jun-2013 06:32:31 UTC] 0:admin:JsHttpRequest.php:470: mb_convert_encoding(): Illegal character encoding specified
[18-Jun-2013 06:32:31 UTC] 0:admin:JsHttpRequest.php:470: mb_convert_encoding(): Illegal character encoding specified
[18-Jun-2013 06:32:31 UTC] 0:admin:JsHttpRequest.php:470: mb_convert_encoding(): Illegal character encoding specified
[18-Jun-2013 06:32:31 UTC] 0:admin:JsHttpRequest.php:470: mb_convert_encoding(): Illegal character encoding specified
[18-Jun-2013 06:32:31 UTC] 0:admin:JsHttpRequest.php:470: mb_convert_encoding(): Illegal character encoding specified
[18-Jun-2013 06:32:31 UTC] 0:admin:JsHttpRequest.php:470: mb_convert_encoding(): Illegal character encoding specified
[18-Jun-2013 06:32:31 UTC] 0:admin:JsHttpRequest.php:470: mb_convert_encoding(): Illegal character encoding specified
[18-Jun-2013 06:32:31 UTC] 0:admin:JsHttpRequest.php:470: mb_convert_encoding(): Illegal character encoding specified
[18-Jun-2013 06:32:31 UTC] 0:admin:JsHttpRequest.php:470: mb_convert_encoding(): Illegal character encoding specified
[18-Jun-2013 06:32:31 UTC] 0:admin:JsHttpRequest.php:470: mb_convert_encoding(): Illegal character encoding specified
[18-Jun-2013 06:32:31 UTC] 0:admin:JsHttpRequest.php:470: mb_convert_encoding(): Illegal character encoding specified
[18-Jun-2013 06:32:35 UTC] 0:admin:JsHttpRequest.php:470: mb_convert_encoding(): Illegal character encoding specified
[18-Jun-2013 06:32:35 UTC] 0:admin:JsHttpRequest.php:470: mb_convert_encoding(): Illegal character encoding specified
[18-Jun-2013 06:32:35 UTC] 0:admin:JsHttpRequest.php:470: mb_convert_encoding(): Illegal character encoding specified
[18-Jun-2013 06:32:35 UTC] 0:admin:JsHttpRequest.php:470: mb_convert_encoding(): Illegal character encoding specified
[18-Jun-2013 06:32:35 UTC] 0:admin:JsHttpRequest.php:470: mb_convert_encoding(): Illegal character encoding specified
[18-Jun-2013 06:32:35 UTC] 0:admin:JsHttpRequest.php:470: mb_convert_encoding(): Illegal character encoding specified
[18-Jun-2013 06:32:35 UTC] 0:admin:JsHttpRequest.php:470: mb_convert_encoding(): Illegal character encoding specified
[18-Jun-2013 06:32:35 UTC] 0:admin:JsHttpRequest.php:470: mb_convert_encoding(): Illegal character encoding specified
[18-Jun-2013 06:32:35 UTC] 0:admin:JsHttpRequest.php:470: mb_convert_encoding(): Illegal character encoding specified
[18-Jun-2013 06:32:35 UTC] 0:admin:JsHttpRequest.php:470: mb_convert_encoding(): Illegal character encoding specified
[18-Jun-2013 06:32:35 UTC] 0:admin:JsHttpRequest.php:470: mb_convert_encoding(): Illegal character encoding specified
[18-Jun-2013 07:24:15 UTC] 0:admin:JsHttpRequest.php:470: mb_convert_encoding(): Illegal character encoding specified
[18-Jun-2013 07:24:15 UTC] 0:admin:JsHttpRequest.php:470: mb_convert_encoding(): Illegal character encoding specified
[18-Jun-2013 07:24:15 UTC] 0:admin:JsHttpRequest.php:470: mb_convert_encoding(): Illegal character encoding specified
[18-Jun-2013 07:24:15 UTC] 0:admin:JsHttpRequest.php:470: mb_convert_encoding(): Illegal character encoding specified
[18-Jun-2013 07:24:15 UTC] 0:admin:JsHttpRequest.php:470: mb_convert_encoding(): Illegal character encoding specified
[18-Jun-2013 07:24:15 UTC] 0:admin:JsHttpRequest.php:470: mb_convert_encoding(): Illegal character encoding specified
[18-Jun-2013 07:24:15 UTC] 0:admin:JsHttpRequest.php:470: mb_convert_encoding(): Illegal character encoding specified
[18-Jun-2013 07:24:15 UTC] 0:admin:JsHttpRequest.php:470: mb_convert_encoding(): Illegal character encoding specified
[18-Jun-2013 07:24:15 UTC] 0:admin:JsHttpRequest.php:470: mb_convert_encoding(): Illegal character encoding specified
[18-Jun-2013 07:24:15 UTC] 0:admin:JsHttpRequest.php:470: mb_convert_encoding(): Illegal character encoding specified
[18-Jun-2013 07:24:15 UTC] 0:admin:JsHttpRequest.php:470: mb_convert_encoding(): Illegal character encoding specified
[18-Jun-2013 07:24:15 UTC] 0:admin:JsHttpRequest.php:470: mb_convert_encoding(): Illegal character encoding specified
[18-Jun-2013 07:25:40 UTC] 0:admin:JsHttpRequest.php:470: mb_convert_encoding(): Illegal character encoding specified
[18-Jun-2013 07:25:40 UTC] 0:admin:JsHttpRequest.php:470: mb_convert_encoding(): Illegal character encoding specified
[18-Jun-2013 07:25:40 UTC] 0:admin:JsHttpRequest.php:470: mb_convert_encoding(): Illegal character encoding specified
[18-Jun-2013 07:25:40 UTC] 0:admin:JsHttpRequest.php:470: mb_convert_encoding(): Illegal character encoding specified
[18-Jun-2013 07:25:40 UTC] 0:admin:JsHttpRequest.php:470: mb_convert_encoding(): Illegal character encoding specified
[18-Jun-2013 07:25:45 UTC] 0:admin:JsHttpRequest.php:470: mb_convert_encoding(): Illegal character encoding specified
[18-Jun-2013 07:25:45 UTC] 0:admin:JsHttpRequest.php:470: mb_convert_encoding(): Illegal character encoding specified
[18-Jun-2013 07:25:45 UTC] 0:admin:JsHttpRequest.php:470: mb_convert_encoding(): Illegal character encoding specified
[18-Jun-2013 07:25:45 UTC] 0:admin:JsHttpRequest.php:470: mb_convert_encoding(): Illegal character encoding specified
[18-Jun-2013 07:25:45 UTC] 0:admin:JsHttpRequest.php:470: mb_convert_encoding(): Illegal character encoding specified
[09-Jul-2013 04:27:06 UTC] 0:admin:ui_controls.inc:331: Invalid argument supplied for foreach()
[07-Oct-2013 05:40:15 Europe/Berlin] 0:admin:create_coy.php:227: rmdir(../company//old_1): Directory not empty
[07-Oct-2013 11:00:02 Europe/Berlin] CSRF attack detected from: 192.168.65.204:82 (http://192.168.65.204:82/frontaccounting/admin/change_current_user_password.php?selected_id=andre)
[07-Oct-2013 11:01:03 Europe/Berlin] CSRF attack detected from: 192.168.65.204:82 (http://192.168.65.204:82/frontaccounting/admin/change_current_user_password.php?selected_id=andre)
[07-Oct-2013 11:01:09 Europe/Berlin] CSRF attack detected from: 192.168.65.204:82 (http://192.168.65.204:82/frontaccounting/admin/change_current_user_password.php?selected_id=andre)
[07-Oct-2013 11:02:34 Europe/Berlin] CSRF attack detected from: 192.168.65.204:82 (http://192.168.65.204:82/frontaccounting/admin/change_current_user_password.php?selected_id=andre)
[07-Oct-2013 11:02:43 Europe/Berlin] CSRF attack detected from: 192.168.65.204:82 (http://192.168.65.204:82/frontaccounting/admin/change_current_user_password.php?selected_id=andre)
[07-Oct-2013 11:07:12 Europe/Berlin] CSRF attack detected from: 192.168.65.204:82 (http://192.168.65.204:82/frontaccounting/admin/change_current_user_password.php?selected_id=andre)
[07-Oct-2013 11:07:29 Europe/Berlin] CSRF attack detected from: 192.168.65.204:82 (http://192.168.65.204:82/frontaccounting/admin/change_current_user_password.php?selected_id=andre)
[01-Nov-2013 17:02:40 Asia/Jakarta] 0::logout.php:47: session_destroy(): Session object destruction failed
